<?xml version="1.0" encoding="UTF-8"?>
<!-- Generated by org.testng.reporters.JUnitReportReporter -->
<testsuite skipped="0" hostname="ManzoorIlahiHunagund-MacBook.local" name="testScripts.homePage" tests="1" failures="0" timestamp="12 Sep 2017 16:08:56 GMT" time="15.111" errors="0">
  <testcase name="findFlights" time="15.111" classname="testScripts.homePage"/>
</testsuite> <!-- testScripts.homePage -->
