<?xml version="1.0" encoding="UTF-8"?>
<!-- Generated by org.testng.reporters.JUnitReportReporter -->
<testsuite skipped="0" hostname="DESKTOP-SLJOHKJ" name="testScripts.homePage" tests="1" failures="0" timestamp="17 Sep 2017 11:40:38 GMT" time="16.628" errors="0">
  <testcase name="findFlights" time="16.628" classname="testScripts.homePage"/>
</testsuite> <!-- testScripts.homePage -->
